14:48:12 [INFO] __main__: Using ordinal model: models/saved/austin/ordinal_catboost_optuna.pkl
14:48:13 [INFO] __main__: Loaded train data: 389,328 rows
14:48:13 [INFO] __main__: Loaded test data: 97,584 rows
/mnt/slow_weather_updated/scripts/train_edge_classifier.py:359: FutureWarning: The behavior of DataFrame concatenation with empty or all-NA entries is deprecated. In a future version, this will no longer exclude empty or all-NA columns when determining the result dtypes. To retain the old behavior, exclude the relevant entries before the concat operation.
  df_combined = pd.concat(dfs, ignore_index=True)
14:48:15 [INFO] __main__: Combined data: 486,912 rows
14:48:16 [INFO] __main__: Generating edge data for austin with 18 workers...
14:48:16 [INFO] __main__: Processing 1068 unique days
14:48:16 [INFO] __main__: Loading model from models/saved/austin/ordinal_catboost_optuna.pkl...
14:48:16 [INFO] models.training.ordinal_trainer: Loaded ordinal model from models/saved/austin/ordinal_catboost_optuna.pkl
14:48:16 [INFO] __main__: Batch loading settlements...
14:48:16 [INFO] src.db.connection: Database engine created: localhost:5434/kalshi_weather
14:48:16 [INFO] __main__: Loaded 1062 settlements
14:48:16 [INFO] __main__: Days with settlement data: 1062
14:48:16 [INFO] __main__: Batch loading ALL candles (this may take a moment)...
14:48:16 [INFO] __main__: Loading candles for 1062 days (checking both old and new ticker formats)...
14:48:26 [ERROR] __main__: No candles loaded from database!
14:48:26 [INFO] __main__: Candle cache built: 0 (day, bracket) entries
14:48:26 [ERROR] __main__: Candle cache is EMPTY! No candles loaded.
14:48:26 [ERROR] __main__: No edge data generated
============================================================
ML EDGE CLASSIFIER TRAINING
============================================================
City: austin
Optuna trials: 80
Optuna metric: sharpe
Workers: 18
Edge threshold: 1.5°F
Sample rate: every 6th snapshot
P&L mode: REALISTIC (with fees)
Maker fill probability: 40.0%
Ordinal model: models/saved/austin/ordinal_catboost_optuna.pkl (default)

