2025-12-04 00:48:30,108 - INFO - ================================================================================
2025-12-04 00:48:30,108 - INFO - VISUAL CROSSING HISTORICAL FORECAST BACKFILL
2025-12-04 00:48:30,108 - INFO - ================================================================================
2025-12-04 00:48:30,108 - INFO - Cities: ['austin']
2025-12-04 00:48:30,108 - INFO - Location types: ['station', 'city']
2025-12-04 00:48:30,108 - INFO - Date range: 2022-12-23 to 2025-12-03
2025-12-04 00:48:30,108 - INFO - Lead days: [0, 1, 2, 3]
2025-12-04 00:48:30,108 - INFO - Rate limiting: 0.007s -> 0.015s -> 0.01s
2025-12-04 00:48:30,108 - INFO - ================================================================================
2025-12-04 00:48:30,108 - INFO - DRY RUN MODE - No API requests will be made
2025-12-04 00:48:30,108 - INFO - Backfilling austin (station): 30.18311,-97.67989
2025-12-04 00:48:30,108 - INFO -   Date range: 2022-12-23 to 2025-12-03
2025-12-04 00:48:30,108 - INFO -   Lead days: [0, 1, 2, 3]
2025-12-04 00:48:30,114 - INFO - Database engine created: localhost:5434/kalshi_weather
2025-12-04 00:48:50,683 - INFO - ================================================================================
2025-12-04 00:48:50,683 - INFO - VISUAL CROSSING HISTORICAL FORECAST BACKFILL
2025-12-04 00:48:50,683 - INFO - ================================================================================
2025-12-04 00:48:50,683 - INFO - Cities: ['austin']
2025-12-04 00:48:50,683 - INFO - Location types: ['station', 'city']
2025-12-04 00:48:50,683 - INFO - Date range: 2022-12-23 to 2025-12-03
2025-12-04 00:48:50,683 - INFO - Lead days: [0, 1, 2, 3]
2025-12-04 00:48:50,683 - INFO - Rate limiting: 0.007s -> 0.015s -> 0.01s
2025-12-04 00:48:50,683 - INFO - ================================================================================
2025-12-04 00:48:50,683 - INFO - DRY RUN MODE - No API requests will be made
2025-12-04 00:48:50,683 - INFO - Backfilling austin (station): 30.18311,-97.67989
2025-12-04 00:48:50,683 - INFO -   Date range: 2022-12-23 to 2025-12-03
2025-12-04 00:48:50,683 - INFO -   Lead days: [0, 1, 2, 3]
2025-12-04 00:48:50,689 - INFO - Database engine created: localhost:5434/kalshi_weather
2025-12-04 00:48:50,936 - INFO -   Found 60 existing date/lead combinations to skip
2025-12-04 00:48:50,936 - INFO -   Total requests to make: ~4248
2025-12-04 00:48:50,936 - INFO -   DRY RUN - would process above
2025-12-04 00:48:50,937 - INFO - Backfilling austin (city): Austin,TX
2025-12-04 00:48:50,937 - INFO -   Date range: 2022-12-23 to 2025-12-03
2025-12-04 00:48:50,937 - INFO -   Lead days: [0, 1, 2, 3]
2025-12-04 00:48:51,032 - INFO -   Found 60 existing date/lead combinations to skip
2025-12-04 00:48:51,032 - INFO -   Total requests to make: ~4248
2025-12-04 00:48:51,032 - INFO -   DRY RUN - would process above
2025-12-04 00:48:51,033 - INFO - ================================================================================
2025-12-04 00:48:51,033 - INFO - BACKFILL COMPLETE
2025-12-04 00:48:51,033 - INFO - ================================================================================
2025-12-04 00:48:51,033 - INFO - Total requests: 0
2025-12-04 00:48:51,033 - INFO - Total daily records: 0
2025-12-04 00:48:51,033 - INFO - Total hourly records: 0
2025-12-04 00:48:51,033 - INFO - Total minute records: 0
2025-12-04 00:48:51,033 - INFO - Elapsed time: 0.4s (0.0 minutes)
2025-12-04 00:48:51,033 - INFO - Rate limiter stats: {'current_delay': 0.007, 'rate_limit_count': 0, 'steps_since_rate_limit': 0}
2025-12-04 00:48:51,033 - INFO - ================================================================================
2025-12-04 00:48:59,483 - INFO - ================================================================================
2025-12-04 00:48:59,483 - INFO - VISUAL CROSSING HISTORICAL FORECAST BACKFILL
2025-12-04 00:48:59,483 - INFO - ================================================================================
2025-12-04 00:48:59,483 - INFO - Cities: ['austin']
2025-12-04 00:48:59,483 - INFO - Location types: ['station']
2025-12-04 00:48:59,483 - INFO - Date range: 2024-12-01 to 2024-12-02
2025-12-04 00:48:59,483 - INFO - Lead days: [0, 1, 2, 3]
2025-12-04 00:48:59,483 - INFO - Rate limiting: 0.007s -> 0.015s -> 0.01s
2025-12-04 00:48:59,483 - INFO - ================================================================================
2025-12-04 00:48:59,483 - INFO - Backfilling austin (station): 30.18311,-97.67989
2025-12-04 00:48:59,483 - INFO -   Date range: 2024-12-01 to 2024-12-02
2025-12-04 00:48:59,483 - INFO -   Lead days: [0, 1, 2, 3]
2025-12-04 00:48:59,489 - INFO - Database engine created: localhost:5434/kalshi_weather
2025-12-04 00:48:59,732 - INFO -   Found 1 existing date/lead combinations to skip
2025-12-04 00:48:59,732 - INFO -   Total requests to make: ~7
2025-12-04 00:49:01,680 - INFO -   Completed: 7 requests, 7 daily, 168 hourly, 672 minute
2025-12-04 00:49:01,681 - INFO - ================================================================================
2025-12-04 00:49:01,681 - INFO - BACKFILL COMPLETE
2025-12-04 00:49:01,681 - INFO - ================================================================================
2025-12-04 00:49:01,681 - INFO - Total requests: 7
2025-12-04 00:49:01,681 - INFO - Total daily records: 7
2025-12-04 00:49:01,681 - INFO - Total hourly records: 168
2025-12-04 00:49:01,681 - INFO - Total minute records: 672
2025-12-04 00:49:01,681 - INFO - Elapsed time: 2.2s (0.0 minutes)
2025-12-04 00:49:01,681 - INFO - Average rate: 3.19 req/s
2025-12-04 00:49:01,681 - INFO - Rate limiter stats: {'current_delay': 0.007, 'rate_limit_count': 0, 'steps_since_rate_limit': 7}
2025-12-04 00:49:01,681 - INFO - ================================================================================
2025-12-04 00:49:31,461 - INFO - ================================================================================
2025-12-04 00:49:31,461 - INFO - VISUAL CROSSING HISTORICAL FORECAST BACKFILL
2025-12-04 00:49:31,461 - INFO - ================================================================================
2025-12-04 00:49:31,461 - INFO - Cities: ['chicago', 'austin', 'denver', 'los_angeles', 'miami', 'philadelphia']
2025-12-04 00:49:31,462 - INFO - Location types: ['station', 'city']
2025-12-04 00:49:31,462 - INFO - Date range: 2022-12-23 to 2025-12-03
2025-12-04 00:49:31,462 - INFO - Lead days: [0, 1, 2, 3]
2025-12-04 00:49:31,462 - INFO - Rate limiting: 0.007s -> 0.015s -> 0.01s
2025-12-04 00:49:31,462 - INFO - ================================================================================
2025-12-04 00:49:31,462 - INFO - DRY RUN MODE - No API requests will be made
2025-12-04 00:49:31,462 - INFO - Backfilling chicago (station): 41.78412,-87.75514
2025-12-04 00:49:31,462 - INFO -   Date range: 2022-12-23 to 2025-12-03
2025-12-04 00:49:31,462 - INFO -   Lead days: [0, 1, 2, 3]
2025-12-04 00:49:31,467 - INFO - Database engine created: localhost:5434/kalshi_weather
2025-12-04 00:49:31,699 - INFO -   Found 0 existing date/lead combinations to skip
2025-12-04 00:49:31,699 - INFO -   Total requests to make: ~4308
2025-12-04 00:49:31,699 - INFO -   DRY RUN - would process above
2025-12-04 00:49:31,700 - INFO - Backfilling chicago (city): Chicago,IL
2025-12-04 00:49:31,700 - INFO -   Date range: 2022-12-23 to 2025-12-03
2025-12-04 00:49:31,700 - INFO -   Lead days: [0, 1, 2, 3]
2025-12-04 00:49:31,786 - INFO -   Found 0 existing date/lead combinations to skip
2025-12-04 00:49:31,786 - INFO -   Total requests to make: ~4308
2025-12-04 00:49:31,786 - INFO -   DRY RUN - would process above
2025-12-04 00:49:31,787 - INFO - Backfilling austin (station): 30.18311,-97.67989
2025-12-04 00:49:31,787 - INFO -   Date range: 2022-12-23 to 2025-12-03
2025-12-04 00:49:31,787 - INFO -   Lead days: [0, 1, 2, 3]
2025-12-04 00:49:31,878 - INFO -   Found 70 existing date/lead combinations to skip
2025-12-04 00:49:31,878 - INFO -   Total requests to make: ~4238
2025-12-04 00:49:31,878 - INFO -   DRY RUN - would process above
2025-12-04 00:49:31,878 - INFO - Backfilling austin (city): Austin,TX
2025-12-04 00:49:31,879 - INFO -   Date range: 2022-12-23 to 2025-12-03
2025-12-04 00:49:31,879 - INFO -   Lead days: [0, 1, 2, 3]
2025-12-04 00:49:31,972 - INFO -   Found 60 existing date/lead combinations to skip
2025-12-04 00:49:31,972 - INFO -   Total requests to make: ~4248
2025-12-04 00:49:31,972 - INFO -   DRY RUN - would process above
2025-12-04 00:49:31,973 - INFO - Backfilling denver (station): 39.84657,-104.65623
2025-12-04 00:49:31,973 - INFO -   Date range: 2022-12-23 to 2025-12-03
2025-12-04 00:49:31,973 - INFO -   Lead days: [0, 1, 2, 3]
2025-12-04 00:49:32,059 - INFO -   Found 0 existing date/lead combinations to skip
2025-12-04 00:49:32,059 - INFO -   Total requests to make: ~4308
2025-12-04 00:49:32,059 - INFO -   DRY RUN - would process above
2025-12-04 00:49:32,060 - INFO - Backfilling denver (city): Denver,CO
2025-12-04 00:49:32,060 - INFO -   Date range: 2022-12-23 to 2025-12-03
2025-12-04 00:49:32,060 - INFO -   Lead days: [0, 1, 2, 3]
2025-12-04 00:49:32,149 - INFO -   Found 0 existing date/lead combinations to skip
2025-12-04 00:49:32,149 - INFO -   Total requests to make: ~4308
2025-12-04 00:49:32,149 - INFO -   DRY RUN - would process above
2025-12-04 00:49:32,150 - INFO - Backfilling los_angeles (station): 33.93816,-118.3866
2025-12-04 00:49:32,150 - INFO -   Date range: 2022-12-23 to 2025-12-03
2025-12-04 00:49:32,150 - INFO -   Lead days: [0, 1, 2, 3]
2025-12-04 00:49:32,238 - INFO -   Found 0 existing date/lead combinations to skip
2025-12-04 00:49:32,238 - INFO -   Total requests to make: ~4308
2025-12-04 00:49:32,238 - INFO -   DRY RUN - would process above
2025-12-04 00:49:32,238 - INFO - Backfilling los_angeles (city): Los Angeles,CA
2025-12-04 00:49:32,239 - INFO -   Date range: 2022-12-23 to 2025-12-03
2025-12-04 00:49:32,239 - INFO -   Lead days: [0, 1, 2, 3]
2025-12-04 00:49:32,331 - INFO -   Found 0 existing date/lead combinations to skip
2025-12-04 00:49:32,331 - INFO -   Total requests to make: ~4308
2025-12-04 00:49:32,331 - INFO -   DRY RUN - would process above
2025-12-04 00:49:32,331 - INFO - Backfilling miami (station): 25.78805,-80.31694
2025-12-04 00:49:32,331 - INFO -   Date range: 2022-12-23 to 2025-12-03
2025-12-04 00:49:32,332 - INFO -   Lead days: [0, 1, 2, 3]
2025-12-04 00:49:32,420 - INFO -   Found 0 existing date/lead combinations to skip
2025-12-04 00:49:32,420 - INFO -   Total requests to make: ~4308
2025-12-04 00:49:32,420 - INFO -   DRY RUN - would process above
2025-12-04 00:49:32,421 - INFO - Backfilling miami (city): Miami,FL
2025-12-04 00:49:32,421 - INFO -   Date range: 2022-12-23 to 2025-12-03
2025-12-04 00:49:32,421 - INFO -   Lead days: [0, 1, 2, 3]
2025-12-04 00:49:32,510 - INFO -   Found 0 existing date/lead combinations to skip
2025-12-04 00:49:32,510 - INFO -   Total requests to make: ~4308
2025-12-04 00:49:32,510 - INFO -   DRY RUN - would process above
2025-12-04 00:49:32,511 - INFO - Backfilling philadelphia (station): 39.87326,-75.22681
2025-12-04 00:49:32,511 - INFO -   Date range: 2022-12-23 to 2025-12-03
2025-12-04 00:49:32,511 - INFO -   Lead days: [0, 1, 2, 3]
2025-12-04 00:49:32,598 - INFO -   Found 0 existing date/lead combinations to skip
2025-12-04 00:49:32,598 - INFO -   Total requests to make: ~4308
2025-12-04 00:49:32,598 - INFO -   DRY RUN - would process above
2025-12-04 00:49:32,600 - INFO - Backfilling philadelphia (city): Philadelphia,PA
2025-12-04 00:49:32,600 - INFO -   Date range: 2022-12-23 to 2025-12-03
2025-12-04 00:49:32,600 - INFO -   Lead days: [0, 1, 2, 3]
2025-12-04 00:49:32,691 - INFO -   Found 0 existing date/lead combinations to skip
2025-12-04 00:49:32,691 - INFO -   Total requests to make: ~4308
2025-12-04 00:49:32,691 - INFO -   DRY RUN - would process above
2025-12-04 00:49:32,692 - INFO - ================================================================================
2025-12-04 00:49:32,692 - INFO - BACKFILL COMPLETE
2025-12-04 00:49:32,692 - INFO - ================================================================================
2025-12-04 00:49:32,692 - INFO - Total requests: 0
2025-12-04 00:49:32,692 - INFO - Total daily records: 0
2025-12-04 00:49:32,692 - INFO - Total hourly records: 0
2025-12-04 00:49:32,692 - INFO - Total minute records: 0
2025-12-04 00:49:32,692 - INFO - Elapsed time: 1.2s (0.0 minutes)
2025-12-04 00:49:32,692 - INFO - Rate limiter stats: {'current_delay': 0.007, 'rate_limit_count': 0, 'steps_since_rate_limit': 0}
2025-12-04 00:49:32,692 - INFO - ================================================================================
2025-12-04 03:09:42,542 - INFO - ================================================================================
2025-12-04 03:09:42,542 - INFO - VISUAL CROSSING HISTORICAL FORECAST BACKFILL
2025-12-04 03:09:42,542 - INFO - ================================================================================
2025-12-04 03:09:42,542 - INFO - Cities: ['austin']
2025-12-04 03:09:42,542 - INFO - Location types: ['station', 'city']
2025-12-04 03:09:42,542 - INFO - Date range: 2022-12-23 to 2025-12-04
2025-12-04 03:09:42,542 - INFO - Lead days: [0, 1, 2, 3, 4, 5, 6, 7, 8, 9, 10, 11, 12, 13, 14]
2025-12-04 03:09:42,542 - INFO - Rate limiting: 0.007s -> 0.015s -> 0.01s
2025-12-04 03:09:42,542 - INFO - ================================================================================
2025-12-04 03:09:42,542 - INFO - Backfilling austin (station): 30.18311,-97.67989
2025-12-04 03:09:42,542 - INFO -   Date range: 2022-12-23 to 2025-12-04
2025-12-04 03:09:42,542 - INFO -   Lead days: [0, 1, 2, 3, 4, 5, 6, 7, 8, 9, 10, 11, 12, 13, 14]
2025-12-04 03:09:42,548 - INFO - Database engine created: localhost:5434/kalshi_weather
2025-12-04 03:09:43,041 - INFO -   Found 72 existing date/lead combinations to skip
2025-12-04 03:09:43,041 - INFO -   Total requests to make: ~16098
2025-12-04 03:10:12,695 - INFO -   Progress: 100 requests, delay=0.0070s, rate_limits=0
2025-12-04 03:10:30,027 - INFO -   Progress: 200 requests, delay=0.0070s, rate_limits=0
2025-12-04 03:10:49,859 - INFO -   Progress: 300 requests, delay=0.0070s, rate_limits=0
2025-12-04 03:11:07,187 - INFO -   Progress: 400 requests, delay=0.0070s, rate_limits=0
2025-12-04 03:12:03,051 - INFO - ================================================================================
2025-12-04 03:12:03,052 - INFO - VISUAL CROSSING HISTORICAL FORECAST BACKFILL
2025-12-04 03:12:03,052 - INFO - ================================================================================
2025-12-04 03:12:03,052 - INFO - Cities: ['austin']
2025-12-04 03:12:03,052 - INFO - Location types: ['station', 'city']
2025-12-04 03:12:03,052 - INFO - Date range: 2024-10-01 to 2024-10-14
2025-12-04 03:12:03,052 - INFO - Lead days: [0, 1, 2, 3, 4, 5, 6, 7, 8, 9, 10, 11, 12, 13, 14]
2025-12-04 03:12:03,052 - INFO - Rate limiting: 0.007s -> 0.015s -> 0.01s
2025-12-04 03:12:03,052 - INFO - ================================================================================
2025-12-04 03:12:03,052 - INFO - Backfilling austin (station): 30.18311,-97.67989
2025-12-04 03:12:03,052 - INFO -   Date range: 2024-10-01 to 2024-10-14
2025-12-04 03:12:03,052 - INFO -   Lead days: [0, 1, 2, 3, 4, 5, 6, 7, 8, 9, 10, 11, 12, 13, 14]
2025-12-04 03:12:03,058 - INFO - Database engine created: localhost:5434/kalshi_weather
2025-12-04 03:12:03,694 - INFO -   Found 0 existing date/lead combinations to skip
2025-12-04 03:12:03,694 - INFO -   Total requests to make: ~210
2025-12-04 03:12:24,749 - INFO -   Progress: 100 requests, delay=0.0070s, rate_limits=0
2025-12-04 03:12:42,836 - INFO -   Progress: 200 requests, delay=0.0070s, rate_limits=0
2025-12-04 03:12:47,030 - INFO -   Completed: 210 requests, 210 daily, 5040 hourly, 20160 minute
2025-12-04 03:12:47,031 - INFO - Backfilling austin (city): Austin,TX
2025-12-04 03:12:47,031 - INFO -   Date range: 2024-10-01 to 2024-10-14
2025-12-04 03:12:47,031 - INFO -   Lead days: [0, 1, 2, 3, 4, 5, 6, 7, 8, 9, 10, 11, 12, 13, 14]
2025-12-04 03:12:47,381 - INFO -   Found 0 existing date/lead combinations to skip
2025-12-04 03:12:47,381 - INFO -   Total requests to make: ~210
2025-12-04 03:13:03,225 - INFO -   Progress: 100 requests, delay=0.0070s, rate_limits=0
2025-12-04 03:13:19,589 - INFO -   Progress: 200 requests, delay=0.0070s, rate_limits=0
2025-12-04 03:13:23,528 - INFO -   Completed: 210 requests, 210 daily, 5040 hourly, 20160 minute
2025-12-04 03:13:23,529 - INFO - ================================================================================
2025-12-04 03:13:23,529 - INFO - BACKFILL COMPLETE
2025-12-04 03:13:23,529 - INFO - ================================================================================
2025-12-04 03:13:23,529 - INFO - Total requests: 420
2025-12-04 03:13:23,529 - INFO - Total daily records: 420
2025-12-04 03:13:23,529 - INFO - Total hourly records: 10080
2025-12-04 03:13:23,529 - INFO - Total minute records: 40320
2025-12-04 03:13:23,529 - INFO - Elapsed time: 80.5s (1.3 minutes)
2025-12-04 03:13:23,529 - INFO - Average rate: 5.22 req/s
2025-12-04 03:13:23,529 - INFO - Rate limiter stats: {'current_delay': 0.007, 'rate_limit_count': 0, 'steps_since_rate_limit': 420}
2025-12-04 03:13:23,529 - INFO - ================================================================================
2025-12-04 03:15:11,933 - INFO - ================================================================================
2025-12-04 03:15:11,933 - INFO - VISUAL CROSSING HISTORICAL FORECAST BACKFILL
2025-12-04 03:15:11,933 - INFO - ================================================================================
2025-12-04 03:15:11,933 - INFO - Cities: ['austin']
2025-12-04 03:15:11,933 - INFO - Location types: ['station', 'city']
2025-12-04 03:15:11,933 - INFO - Date range: 2024-10-01 to 2024-10-07
2025-12-04 03:15:11,933 - INFO - Lead days: [0, 1, 2, 3, 4, 5, 6, 7, 8, 9, 10, 11, 12, 13, 14]
2025-12-04 03:15:11,933 - INFO - Rate limiting: 0.007s -> 0.015s -> 0.01s
2025-12-04 03:15:11,933 - INFO - ================================================================================
2025-12-04 03:15:11,934 - INFO - Backfilling austin (station): 30.18311,-97.67989
2025-12-04 03:15:11,934 - INFO -   Date range: 2024-10-01 to 2024-10-07
2025-12-04 03:15:11,934 - INFO -   Lead days: [0, 1, 2, 3, 4, 5, 6, 7, 8, 9, 10, 11, 12, 13, 14]
2025-12-04 03:15:11,940 - INFO - Database engine created: localhost:5434/kalshi_weather
2025-12-04 03:15:12,621 - INFO -   Found 105 existing date/lead combinations to skip
2025-12-04 03:15:12,621 - INFO -   Total requests to make: ~0
2025-12-04 03:15:12,621 - INFO -   Completed: 0 requests, 0 daily, 0 hourly, 0 minute
2025-12-04 03:15:12,622 - INFO - Backfilling austin (city): Austin,TX
2025-12-04 03:15:12,622 - INFO -   Date range: 2024-10-01 to 2024-10-07
2025-12-04 03:15:12,622 - INFO -   Lead days: [0, 1, 2, 3, 4, 5, 6, 7, 8, 9, 10, 11, 12, 13, 14]
2025-12-04 03:15:13,035 - INFO -   Found 105 existing date/lead combinations to skip
2025-12-04 03:15:13,035 - INFO -   Total requests to make: ~0
2025-12-04 03:15:13,036 - INFO -   Completed: 0 requests, 0 daily, 0 hourly, 0 minute
2025-12-04 03:15:13,036 - INFO - ================================================================================
2025-12-04 03:15:13,036 - INFO - BACKFILL COMPLETE
2025-12-04 03:15:13,036 - INFO - ================================================================================
2025-12-04 03:15:13,037 - INFO - Total requests: 0
2025-12-04 03:15:13,037 - INFO - Total daily records: 0
2025-12-04 03:15:13,037 - INFO - Total hourly records: 0
2025-12-04 03:15:13,037 - INFO - Total minute records: 0
2025-12-04 03:15:13,037 - INFO - Elapsed time: 1.1s (0.0 minutes)
2025-12-04 03:15:13,037 - INFO - Rate limiter stats: {'current_delay': 0.007, 'rate_limit_count': 0, 'steps_since_rate_limit': 0}
2025-12-04 03:15:13,037 - INFO - ================================================================================
2025-12-04 03:17:04,621 - INFO - ================================================================================
2025-12-04 03:17:04,621 - INFO - VISUAL CROSSING HISTORICAL FORECAST BACKFILL
2025-12-04 03:17:04,621 - INFO - ================================================================================
2025-12-04 03:17:04,621 - INFO - Cities: ['austin']
2025-12-04 03:17:04,621 - INFO - Location types: ['station', 'city']
2025-12-04 03:17:04,621 - INFO - Date range: 2025-03-01 to 2025-03-07
2025-12-04 03:17:04,621 - INFO - Lead days: [0, 1, 2, 3, 4, 5, 6, 7, 8, 9, 10, 11, 12, 13, 14]
2025-12-04 03:17:04,621 - INFO - Rate limiting: 0.007s -> 0.015s -> 0.01s
2025-12-04 03:17:04,621 - INFO - ================================================================================
2025-12-04 03:17:04,621 - INFO - Backfilling austin (station): 30.18311,-97.67989
2025-12-04 03:17:04,621 - INFO -   Date range: 2025-03-01 to 2025-03-07
2025-12-04 03:17:04,622 - INFO -   Lead days: [0, 1, 2, 3, 4, 5, 6, 7, 8, 9, 10, 11, 12, 13, 14]
2025-12-04 03:17:04,627 - INFO - Database engine created: localhost:5434/kalshi_weather
2025-12-04 03:17:05,318 - INFO -   Found 0 existing date/lead combinations to skip
2025-12-04 03:17:05,318 - INFO -   Total requests to make: ~105
2025-12-04 03:17:28,100 - INFO -   Progress: 100 requests, delay=0.0070s, rate_limits=0
2025-12-04 03:17:31,675 - INFO -   Completed: 105 requests, 105 daily, 2520 hourly, 10080 minute
2025-12-04 03:17:31,675 - INFO - Backfilling austin (city): Austin,TX
2025-12-04 03:17:31,675 - INFO -   Date range: 2025-03-01 to 2025-03-07
2025-12-04 03:17:31,675 - INFO -   Lead days: [0, 1, 2, 3, 4, 5, 6, 7, 8, 9, 10, 11, 12, 13, 14]
2025-12-04 03:17:32,086 - INFO -   Found 0 existing date/lead combinations to skip
2025-12-04 03:17:32,086 - INFO -   Total requests to make: ~105
2025-12-04 03:17:48,476 - INFO -   Progress: 100 requests, delay=0.0070s, rate_limits=0
2025-12-04 03:17:51,694 - INFO -   Completed: 105 requests, 105 daily, 2520 hourly, 10080 minute
2025-12-04 03:17:51,695 - INFO - ================================================================================
2025-12-04 03:17:51,695 - INFO - BACKFILL COMPLETE
2025-12-04 03:17:51,695 - INFO - ================================================================================
2025-12-04 03:17:51,695 - INFO - Total requests: 210
2025-12-04 03:17:51,695 - INFO - Total daily records: 210
2025-12-04 03:17:51,695 - INFO - Total hourly records: 5040
2025-12-04 03:17:51,695 - INFO - Total minute records: 20160
2025-12-04 03:17:51,695 - INFO - Elapsed time: 47.1s (0.8 minutes)
2025-12-04 03:17:51,695 - INFO - Average rate: 4.46 req/s
2025-12-04 03:17:51,695 - INFO - Rate limiter stats: {'current_delay': 0.007, 'rate_limit_count': 0, 'steps_since_rate_limit': 210}
2025-12-04 03:17:51,695 - INFO - ================================================================================
2025-12-04 03:18:18,339 - INFO - ================================================================================
2025-12-04 03:18:18,339 - INFO - VISUAL CROSSING HISTORICAL FORECAST BACKFILL
2025-12-04 03:18:18,339 - INFO - ================================================================================
2025-12-04 03:18:18,339 - INFO - Cities: ['austin']
2025-12-04 03:18:18,339 - INFO - Location types: ['station', 'city']
2025-12-04 03:18:18,339 - INFO - Date range: 2025-04-01 to 2025-04-07
2025-12-04 03:18:18,339 - INFO - Lead days: [0, 1, 2, 3, 4, 5, 6, 7, 8, 9, 10, 11, 12, 13, 14]
2025-12-04 03:18:18,339 - INFO - Rate limiting: initial=0.0020s, max=0.0150s, target=0.0020s
2025-12-04 03:18:18,339 - INFO - ================================================================================
2025-12-04 03:18:18,339 - INFO - Backfilling austin (station): 30.18311,-97.67989
2025-12-04 03:18:18,339 - INFO -   Date range: 2025-04-01 to 2025-04-07
2025-12-04 03:18:18,339 - INFO -   Lead days: [0, 1, 2, 3, 4, 5, 6, 7, 8, 9, 10, 11, 12, 13, 14]
2025-12-04 03:18:18,345 - INFO - Database engine created: localhost:5434/kalshi_weather
2025-12-04 03:18:19,059 - INFO -   Found 0 existing date/lead combinations to skip
2025-12-04 03:18:19,059 - INFO -   Total requests to make: ~105
2025-12-04 03:18:41,360 - INFO -   Progress: 100 requests, delay=0.0020s, rate_limits=0
2025-12-04 03:18:44,648 - INFO -   Completed: 105 requests, 105 daily, 2520 hourly, 10080 minute
2025-12-04 03:18:44,649 - INFO - Backfilling austin (city): Austin,TX
2025-12-04 03:18:44,650 - INFO -   Date range: 2025-04-01 to 2025-04-07
2025-12-04 03:18:44,650 - INFO -   Lead days: [0, 1, 2, 3, 4, 5, 6, 7, 8, 9, 10, 11, 12, 13, 14]
2025-12-04 03:18:45,114 - INFO -   Found 0 existing date/lead combinations to skip
2025-12-04 03:18:45,114 - INFO -   Total requests to make: ~105
2025-12-04 03:18:59,760 - INFO -   Progress: 100 requests, delay=0.0020s, rate_limits=0
2025-12-04 03:19:02,943 - INFO -   Completed: 105 requests, 105 daily, 2520 hourly, 10080 minute
2025-12-04 03:19:02,943 - INFO - ================================================================================
2025-12-04 03:19:02,943 - INFO - BACKFILL COMPLETE
2025-12-04 03:19:02,943 - INFO - ================================================================================
2025-12-04 03:19:02,943 - INFO - Total requests: 210
2025-12-04 03:19:02,943 - INFO - Total daily records: 210
2025-12-04 03:19:02,943 - INFO - Total hourly records: 5040
2025-12-04 03:19:02,943 - INFO - Total minute records: 20160
2025-12-04 03:19:02,943 - INFO - Elapsed time: 44.6s (0.7 minutes)
2025-12-04 03:19:02,943 - INFO - Average rate: 4.71 req/s
2025-12-04 03:19:02,943 - INFO - Rate limiter stats: {'current_delay': 0.002, 'rate_limit_count': 0, 'steps_since_rate_limit': 210}
2025-12-04 03:19:02,943 - INFO - ================================================================================
2025-12-04 04:57:46,444 - INFO - ================================================================================
2025-12-04 04:57:46,444 - INFO - VISUAL CROSSING HISTORICAL FORECAST BACKFILL
2025-12-04 04:57:46,444 - INFO - ================================================================================
2025-12-04 04:57:46,444 - INFO - Cities: ['chicago', 'austin', 'denver', 'los_angeles', 'miami', 'philadelphia']
2025-12-04 04:57:46,444 - INFO - Location types: ['station', 'city']
2025-12-04 04:57:46,444 - INFO - Date range: 2022-12-23 to 2025-12-03
2025-12-04 04:57:46,444 - INFO - Lead days: [0, 1, 2, 3]
2025-12-04 04:57:46,444 - INFO - Rate limiting: initial=0.0020s, max=0.0150s, target=0.0020s
2025-12-04 04:57:46,444 - INFO - ================================================================================
2025-12-04 04:57:46,444 - INFO - DRY RUN MODE - No API requests will be made
2025-12-04 04:57:46,444 - INFO - Backfilling chicago (station): 41.78412,-87.75514
2025-12-04 04:57:46,444 - INFO -   Date range: 2022-12-23 to 2025-12-03
2025-12-04 04:57:46,444 - INFO -   Lead days: [0, 1, 2, 3]
2025-12-04 04:57:46,450 - INFO - Database engine created: localhost:5434/kalshi_weather
2025-12-04 04:57:46,710 - INFO -   Found 0 existing date/lead combinations to skip
2025-12-04 04:57:46,711 - INFO -   Total requests to make: ~4308
2025-12-04 04:57:46,711 - INFO -   DRY RUN - would process above
2025-12-04 04:57:46,712 - INFO - Backfilling chicago (city): Chicago,IL
2025-12-04 04:57:46,712 - INFO -   Date range: 2022-12-23 to 2025-12-03
2025-12-04 04:57:46,712 - INFO -   Lead days: [0, 1, 2, 3]
2025-12-04 04:57:46,815 - INFO -   Found 0 existing date/lead combinations to skip
2025-12-04 04:57:46,815 - INFO -   Total requests to make: ~4308
2025-12-04 04:57:46,815 - INFO -   DRY RUN - would process above
2025-12-04 04:57:46,816 - INFO - Backfilling austin (station): 30.18311,-97.67989
2025-12-04 04:57:46,816 - INFO -   Date range: 2022-12-23 to 2025-12-03
2025-12-04 04:57:46,816 - INFO -   Lead days: [0, 1, 2, 3]
2025-12-04 04:57:47,002 - INFO -   Found 314 existing date/lead combinations to skip
2025-12-04 04:57:47,002 - INFO -   Total requests to make: ~3994
2025-12-04 04:57:47,002 - INFO -   DRY RUN - would process above
2025-12-04 04:57:47,003 - INFO - Backfilling austin (city): Austin,TX
2025-12-04 04:57:47,003 - INFO -   Date range: 2022-12-23 to 2025-12-03
2025-12-04 04:57:47,003 - INFO -   Lead days: [0, 1, 2, 3]
2025-12-04 04:57:47,141 - INFO -   Found 181 existing date/lead combinations to skip
2025-12-04 04:57:47,141 - INFO -   Total requests to make: ~4127
2025-12-04 04:57:47,141 - INFO -   DRY RUN - would process above
2025-12-04 04:57:47,142 - INFO - Backfilling denver (station): 39.84657,-104.65623
2025-12-04 04:57:47,142 - INFO -   Date range: 2022-12-23 to 2025-12-03
2025-12-04 04:57:47,142 - INFO -   Lead days: [0, 1, 2, 3]
2025-12-04 04:57:47,234 - INFO -   Found 0 existing date/lead combinations to skip
2025-12-04 04:57:47,234 - INFO -   Total requests to make: ~4308
2025-12-04 04:57:47,234 - INFO -   DRY RUN - would process above
2025-12-04 04:57:47,235 - INFO - Backfilling denver (city): Denver,CO
2025-12-04 04:57:47,235 - INFO -   Date range: 2022-12-23 to 2025-12-03
2025-12-04 04:57:47,235 - INFO -   Lead days: [0, 1, 2, 3]
2025-12-04 04:57:47,327 - INFO -   Found 0 existing date/lead combinations to skip
2025-12-04 04:57:47,327 - INFO -   Total requests to make: ~4308
2025-12-04 04:57:47,327 - INFO -   DRY RUN - would process above
2025-12-04 04:57:47,328 - INFO - Backfilling los_angeles (station): 33.93816,-118.3866
2025-12-04 04:57:47,328 - INFO -   Date range: 2022-12-23 to 2025-12-03
2025-12-04 04:57:47,328 - INFO -   Lead days: [0, 1, 2, 3]
2025-12-04 04:57:47,422 - INFO -   Found 0 existing date/lead combinations to skip
2025-12-04 04:57:47,423 - INFO -   Total requests to make: ~4308
2025-12-04 04:57:47,423 - INFO -   DRY RUN - would process above
2025-12-04 04:57:47,423 - INFO - Backfilling los_angeles (city): Los Angeles,CA
2025-12-04 04:57:47,423 - INFO -   Date range: 2022-12-23 to 2025-12-03
2025-12-04 04:57:47,423 - INFO -   Lead days: [0, 1, 2, 3]
2025-12-04 04:57:47,517 - INFO -   Found 0 existing date/lead combinations to skip
2025-12-04 04:57:47,517 - INFO -   Total requests to make: ~4308
2025-12-04 04:57:47,517 - INFO -   DRY RUN - would process above
2025-12-04 04:57:47,518 - INFO - Backfilling miami (station): 25.78805,-80.31694
2025-12-04 04:57:47,518 - INFO -   Date range: 2022-12-23 to 2025-12-03
2025-12-04 04:57:47,518 - INFO -   Lead days: [0, 1, 2, 3]
2025-12-04 04:57:47,608 - INFO -   Found 0 existing date/lead combinations to skip
2025-12-04 04:57:47,608 - INFO -   Total requests to make: ~4308
2025-12-04 04:57:47,608 - INFO -   DRY RUN - would process above
2025-12-04 04:57:47,609 - INFO - Backfilling miami (city): Miami,FL
2025-12-04 04:57:47,609 - INFO -   Date range: 2022-12-23 to 2025-12-03
2025-12-04 04:57:47,609 - INFO -   Lead days: [0, 1, 2, 3]
2025-12-04 04:57:47,701 - INFO -   Found 0 existing date/lead combinations to skip
2025-12-04 04:57:47,701 - INFO -   Total requests to make: ~4308
2025-12-04 04:57:47,701 - INFO -   DRY RUN - would process above
2025-12-04 04:57:47,702 - INFO - Backfilling philadelphia (station): 39.87326,-75.22681
2025-12-04 04:57:47,702 - INFO -   Date range: 2022-12-23 to 2025-12-03
2025-12-04 04:57:47,702 - INFO -   Lead days: [0, 1, 2, 3]
2025-12-04 04:57:47,809 - INFO -   Found 0 existing date/lead combinations to skip
2025-12-04 04:57:47,809 - INFO -   Total requests to make: ~4308
2025-12-04 04:57:47,809 - INFO -   DRY RUN - would process above
2025-12-04 04:57:47,811 - INFO - Backfilling philadelphia (city): Philadelphia,PA
2025-12-04 04:57:47,811 - INFO -   Date range: 2022-12-23 to 2025-12-03
2025-12-04 04:57:47,811 - INFO -   Lead days: [0, 1, 2, 3]
2025-12-04 04:57:47,912 - INFO -   Found 0 existing date/lead combinations to skip
2025-12-04 04:57:47,912 - INFO -   Total requests to make: ~4308
2025-12-04 04:57:47,912 - INFO -   DRY RUN - would process above
2025-12-04 04:57:47,913 - INFO - ================================================================================
2025-12-04 04:57:47,913 - INFO - BACKFILL COMPLETE
2025-12-04 04:57:47,913 - INFO - ================================================================================
2025-12-04 04:57:47,913 - INFO - Total requests: 0
2025-12-04 04:57:47,913 - INFO - Total daily records: 0
2025-12-04 04:57:47,913 - INFO - Total hourly records: 0
2025-12-04 04:57:47,913 - INFO - Total minute records: 0
2025-12-04 04:57:47,913 - INFO - Elapsed time: 1.5s (0.0 minutes)
2025-12-04 04:57:47,913 - INFO - Rate limiter stats: {'current_delay': 0.002, 'rate_limit_count': 0, 'steps_since_rate_limit': 0}
2025-12-04 04:57:47,913 - INFO - ================================================================================
2025-12-04 04:58:05,876 - INFO - ================================================================================
2025-12-04 04:58:05,877 - INFO - VISUAL CROSSING HISTORICAL FORECAST BACKFILL
2025-12-04 04:58:05,877 - INFO - ================================================================================
2025-12-04 04:58:05,877 - INFO - Cities: ['chicago']
2025-12-04 04:58:05,877 - INFO - Location types: ['station']
2025-12-04 04:58:05,877 - INFO - Date range: 2022-12-23 to 2025-12-03
2025-12-04 04:58:05,877 - INFO - Lead days: [0, 1, 2, 3]
2025-12-04 04:58:05,877 - INFO - Rate limiting: initial=0.0020s, max=0.0150s, target=0.0020s
2025-12-04 04:58:05,877 - INFO - ================================================================================
2025-12-04 04:58:05,877 - INFO - Backfilling chicago (station): 41.78412,-87.75514
2025-12-04 04:58:05,877 - INFO -   Date range: 2022-12-23 to 2025-12-03
2025-12-04 04:58:05,877 - INFO -   Lead days: [0, 1, 2, 3]
2025-12-04 04:58:05,882 - INFO - Database engine created: localhost:5434/kalshi_weather
2025-12-04 04:58:06,124 - INFO -   Found 0 existing date/lead combinations to skip
2025-12-04 04:58:06,124 - INFO -   Total requests to make: ~4308
2025-12-04 04:58:35,784 - INFO -   Progress: 100 requests, delay=0.0020s, rate_limits=0
2025-12-04 04:59:02,740 - INFO -   Progress: 200 requests, delay=0.0020s, rate_limits=0
2025-12-04 04:59:30,439 - INFO -   Progress: 300 requests, delay=0.0020s, rate_limits=0
2025-12-04 04:59:40,638 - INFO - ================================================================================
2025-12-04 04:59:40,639 - INFO - VISUAL CROSSING HISTORICAL FORECAST BACKFILL
2025-12-04 04:59:40,639 - INFO - ================================================================================
2025-12-04 04:59:40,639 - INFO - Cities: ['chicago']
2025-12-04 04:59:40,639 - INFO - Location types: ['station']
2025-12-04 04:59:40,639 - INFO - Date range: 2025-11-01 to 2025-11-05
2025-12-04 04:59:40,639 - INFO - Lead days: [0, 1, 2, 3]
2025-12-04 04:59:40,639 - INFO - Rate limiting: initial=0.0020s, max=0.0150s, target=0.0020s
2025-12-04 04:59:40,639 - INFO - ================================================================================
2025-12-04 04:59:40,639 - INFO - Backfilling chicago (station): 41.78412,-87.75514
2025-12-04 04:59:40,639 - INFO -   Date range: 2025-11-01 to 2025-11-05
2025-12-04 04:59:40,639 - INFO -   Lead days: [0, 1, 2, 3]
2025-12-04 04:59:40,644 - INFO - Database engine created: localhost:5434/kalshi_weather
2025-12-04 04:59:40,914 - INFO -   Found 0 existing date/lead combinations to skip
2025-12-04 04:59:40,914 - INFO -   Total requests to make: ~20
2025-12-04 04:59:46,223 - INFO -   Completed: 20 requests, 20 daily, 484 hourly, 1936 minute
2025-12-04 04:59:46,225 - INFO - ================================================================================
2025-12-04 04:59:46,225 - INFO - BACKFILL COMPLETE
2025-12-04 04:59:46,225 - INFO - ================================================================================
2025-12-04 04:59:46,225 - INFO - Total requests: 20
2025-12-04 04:59:46,225 - INFO - Total daily records: 20
2025-12-04 04:59:46,225 - INFO - Total hourly records: 484
2025-12-04 04:59:46,225 - INFO - Total minute records: 1936
2025-12-04 04:59:46,225 - INFO - Elapsed time: 5.6s (0.1 minutes)
2025-12-04 04:59:46,225 - INFO - Average rate: 3.58 req/s
2025-12-04 04:59:46,225 - INFO - Rate limiter stats: {'current_delay': 0.002, 'rate_limit_count': 0, 'steps_since_rate_limit': 20}
2025-12-04 04:59:46,225 - INFO - ================================================================================
