nohup: ignoring input
[2025-12-04 05:46:49] === Building datasets for all 6 cities ===
[2025-12-04 05:46:49] Date range: 2023-01-01 to 2024-11-30
[2025-12-04 05:46:49] Snapshot interval: 60 min
[2025-12-04 05:46:49] Cities: austin, chicago, denver, los_angeles, miami, philadelphia

[2025-12-04 05:46:49] === [1/6] Starting AUSTIN ===
[2025-12-04 05:51:21] AUSTIN complete:
    Shape: (26592, 203)
    Time: 4.5 minutes
    Saved: models/saved/austin_dataset_with_new_features.parquet
    New features: 26
      fcst_cloudcover_max: 100.0% populated
      fcst_cloudcover_mean: 100.0% populated
      fcst_cloudcover_min: 100.0% populated
      fcst_cloudcover_range: 100.0% populated
      fcst_dewpoint_max: 100.0% populated
      ... and 21 more

[2025-12-04 05:51:21] === [2/6] Starting CHICAGO ===
[2025-12-04 05:55:52] CHICAGO complete:
    Shape: (26592, 203)
    Time: 4.5 minutes
    Saved: models/saved/chicago_dataset_with_new_features.parquet
    New features: 26
      fcst_cloudcover_max: 100.0% populated
      fcst_cloudcover_mean: 100.0% populated
      fcst_cloudcover_min: 100.0% populated
      fcst_cloudcover_range: 100.0% populated
      fcst_dewpoint_max: 100.0% populated
      ... and 21 more

[2025-12-04 05:55:52] === [3/6] Starting DENVER ===
[2025-12-04 06:00:21] DENVER complete:
    Shape: (26593, 203)
    Time: 4.5 minutes
    Saved: models/saved/denver_dataset_with_new_features.parquet
    New features: 26
      fcst_cloudcover_max: 100.0% populated
      fcst_cloudcover_mean: 100.0% populated
      fcst_cloudcover_min: 100.0% populated
      fcst_cloudcover_range: 100.0% populated
      fcst_dewpoint_max: 100.0% populated
      ... and 21 more

[2025-12-04 06:00:21] === [4/6] Starting LOS_ANGELES ===
[2025-12-04 06:04:50] LOS_ANGELES complete:
    Shape: (26594, 203)
    Time: 4.5 minutes
    Saved: models/saved/los_angeles_dataset_with_new_features.parquet
    New features: 26
      fcst_cloudcover_max: 100.0% populated
      fcst_cloudcover_mean: 100.0% populated
      fcst_cloudcover_min: 100.0% populated
      fcst_cloudcover_range: 100.0% populated
      fcst_dewpoint_max: 100.0% populated
      ... and 21 more

[2025-12-04 06:04:50] === [5/6] Starting MIAMI ===
[2025-12-04 06:09:20] MIAMI complete:
    Shape: (26591, 203)
    Time: 4.5 minutes
    Saved: models/saved/miami_dataset_with_new_features.parquet
    New features: 26
      fcst_cloudcover_max: 100.0% populated
      fcst_cloudcover_mean: 100.0% populated
      fcst_cloudcover_min: 100.0% populated
      fcst_cloudcover_range: 100.0% populated
      fcst_dewpoint_max: 100.0% populated
      ... and 21 more

[2025-12-04 06:09:20] === [6/6] Starting PHILADELPHIA ===
[2025-12-04 06:13:50] PHILADELPHIA complete:
    Shape: (26591, 203)
    Time: 4.5 minutes
    Saved: models/saved/philadelphia_dataset_with_new_features.parquet
    New features: 26
      fcst_cloudcover_max: 100.0% populated
      fcst_cloudcover_mean: 100.0% populated
      fcst_cloudcover_min: 100.0% populated
      fcst_cloudcover_range: 100.0% populated
      fcst_dewpoint_max: 100.0% populated
      ... and 21 more

[2025-12-04 06:13:50] === FINAL SUMMARY ===
Total time: 27.0 minutes (0.45 hours)

  austin          OK     (26592, 203)  4.5 min  26 new features
  chicago         OK     (26592, 203)  4.5 min  26 new features
  denver          OK     (26593, 203)  4.5 min  26 new features
  los_angeles     OK     (26594, 203)  4.5 min  26 new features
  miami           OK     (26591, 203)  4.5 min  26 new features
  philadelphia    OK     (26591, 203)  4.5 min  26 new features

[2025-12-04 06:13:50] === DONE ===
