2025-12-06 02:07:20,696 - __main__ - INFO - Logging to: /home/halsted/Documents/python/weather_updated/logs/noaa_guidance_ingest_20251206_020720.log
2025-12-06 02:07:20,697 - __main__ - INFO - ================================================================================
2025-12-06 02:07:20,697 - __main__ - INFO - NOAA MODEL GUIDANCE INGESTION - AUSTIN
2025-12-06 02:07:20,697 - __main__ - INFO - ================================================================================
2025-12-06 02:07:20,697 - __main__ - INFO - Models: NBM
2025-12-06 02:07:20,698 - __main__ - INFO - Date range: 2025-05-01 to 2025-12-01
2025-12-06 02:07:20,698 - __main__ - INFO - City: austin (America/Chicago)
2025-12-06 02:07:20,698 - __main__ - INFO - Location: 30.18, -97.68
2025-12-06 02:07:20,698 - __main__ - INFO - 
2025-12-06 02:07:20,705 - src.db.connection - INFO - Database engine created: localhost:5434/kalshi_weather
2025-12-06 02:07:20,705 - __main__ - INFO - Progress: 1/215 (0.5%) | Rate: 140.53 days/sec | ETA: 0.0 min
2025-12-06 02:07:20,705 - src.weather_more_apis.ingest - INFO - Ingesting NBM for austin 2025-05-01 run=2025-04-30 12:00:00+00:00
2025-12-06 02:07:36,321 - src.weather_more_apis.ingest - INFO - ✓ NBM austin 2025-05-01: 89.87°F
2025-12-06 02:07:36,321 - src.weather_more_apis.ingest - INFO - Ingesting NBM for austin 2025-05-02 run=2025-05-01 12:00:00+00:00
2025-12-06 02:07:52,731 - src.weather_more_apis.ingest - INFO - ✓ NBM austin 2025-05-02: 83.32°F
2025-12-06 02:07:52,731 - src.weather_more_apis.ingest - INFO - Ingesting NBM for austin 2025-05-03 run=2025-05-02 12:00:00+00:00
2025-12-06 02:08:09,517 - src.weather_more_apis.ingest - INFO - ✓ NBM austin 2025-05-03: 77.7°F
2025-12-06 02:08:09,517 - src.weather_more_apis.ingest - INFO - Ingesting NBM for austin 2025-05-04 run=2025-05-03 12:00:00+00:00
2025-12-06 02:08:26,356 - src.weather_more_apis.ingest - INFO - ✓ NBM austin 2025-05-04: 80.08°F
2025-12-06 02:08:26,356 - src.weather_more_apis.ingest - INFO - Ingesting NBM for austin 2025-05-05 run=2025-05-04 12:00:00+00:00
2025-12-06 02:08:42,224 - src.weather_more_apis.ingest - INFO - ✓ NBM austin 2025-05-05: 73.49°F
2025-12-06 02:08:42,224 - src.weather_more_apis.ingest - INFO - Ingesting NBM for austin 2025-05-06 run=2025-05-05 12:00:00+00:00
2025-12-06 02:08:57,821 - src.weather_more_apis.ingest - INFO - ✓ NBM austin 2025-05-06: 83.93°F
2025-12-06 02:08:57,821 - src.weather_more_apis.ingest - INFO - Ingesting NBM for austin 2025-05-07 run=2025-05-06 12:00:00+00:00
2025-12-06 02:09:14,896 - src.weather_more_apis.ingest - INFO - ✓ NBM austin 2025-05-07: 84.54°F
2025-12-06 02:09:14,896 - src.weather_more_apis.ingest - INFO - Ingesting NBM for austin 2025-05-08 run=2025-05-07 12:00:00+00:00
2025-12-06 02:09:30,841 - src.weather_more_apis.ingest - INFO - ✓ NBM austin 2025-05-08: 83.57°F
2025-12-06 02:09:30,841 - src.weather_more_apis.ingest - INFO - Ingesting NBM for austin 2025-05-09 run=2025-05-08 12:00:00+00:00
2025-12-06 02:09:48,266 - src.weather_more_apis.ingest - INFO - ✓ NBM austin 2025-05-09: 81.52°F
2025-12-06 02:09:48,266 - __main__ - INFO - Progress: 10/215 (4.7%) | Rate: 0.07 days/sec | ETA: 50.4 min
2025-12-06 02:09:48,266 - src.weather_more_apis.ingest - INFO - Ingesting NBM for austin 2025-05-10 run=2025-05-09 12:00:00+00:00
