2025-11-28 12:02:31,809 - __main__ - WARNING - ================================================================================
2025-11-28 12:02:31,809 - __main__ - WARNING - LIVE TRADING MODE ENABLED - REAL ORDERS WILL BE PLACED
2025-11-28 12:02:31,809 - __main__ - WARNING - Bet size: $50.0/trade, Max daily loss: $500.0
2025-11-28 12:02:31,809 - __main__ - WARNING - ================================================================================
2025-11-28 12:02:31,809 - __main__ - WARNING - Skipping confirmation (--yes flag or non-interactive)
2025-11-28 12:02:31,815 - src.db.connection - INFO - Database engine created: localhost:5434/kalshi_weather
2025-11-28 12:02:31,815 - models.inference.live_engine - INFO - Loading ordinal models for all cities...
2025-11-28 12:02:31,815 - models.inference.live_engine - WARNING - Model not found for chicago at models/saved/chicago/ordinal_catboost_hourly_80trials.pkl
2025-11-28 12:02:31,815 - models.inference.live_engine - WARNING - Model not found for austin at models/saved/austin/ordinal_catboost_hourly_80trials.pkl
2025-11-28 12:02:31,815 - models.inference.live_engine - WARNING - Model not found for denver at models/saved/denver/ordinal_catboost_hourly_80trials.pkl
2025-11-28 12:02:31,815 - models.inference.live_engine - WARNING - Model not found for los_angeles at models/saved/los_angeles/ordinal_catboost_hourly_80trials.pkl
2025-11-28 12:02:31,815 - models.inference.live_engine - WARNING - Model not found for miami at models/saved/miami/ordinal_catboost_hourly_80trials.pkl
2025-11-28 12:02:31,815 - models.inference.live_engine - WARNING - Model not found for philadelphia at models/saved/philadelphia/ordinal_catboost_hourly_80trials.pkl
Traceback (most recent call last):
  File "/home/halsted/Python/weather_updated/scripts/live_ws_trader.py", line 760, in <module>
    main()
  File "/home/halsted/Python/weather_updated/scripts/live_ws_trader.py", line 749, in main
    trader = LiveWebSocketTrader(
             ^^^^^^^^^^^^^^^^^^^^
  File "/home/halsted/Python/weather_updated/scripts/live_ws_trader.py", line 140, in __init__
    self.inference = LiveInferenceEngine(inference_cooldown_sec=30.0)
                     ^^^^^^^^^^^^^^^^^^^^^^^^^^^^^^^^^^^^^^^^^^^^^^^^
  File "/home/halsted/Python/weather_updated/models/inference/live_engine.py", line 63, in __init__
    self._load_all_models()
  File "/home/halsted/Python/weather_updated/models/inference/live_engine.py", line 95, in _load_all_models
    raise RuntimeError("No models loaded! Cannot proceed.")
RuntimeError: No models loaded! Cannot proceed.
