2025-11-28 11:58:20,501 - src.db.connection - INFO - Database engine created: localhost:5434/kalshi_weather
2025-11-28 11:58:20,501 - models.inference.live_engine - INFO - Loading ordinal models for all cities...
2025-11-28 11:58:20,505 - models.training.ordinal_trainer - INFO - Loaded ordinal model from models/saved/chicago/ordinal_catboost_optuna.pkl
2025-11-28 11:58:20,505 - models.inference.live_engine - INFO - ✓ Loaded chicago model: 12 classifiers
2025-11-28 11:58:20,509 - models.training.ordinal_trainer - INFO - Loaded ordinal model from models/saved/austin/ordinal_catboost_optuna.pkl
2025-11-28 11:58:20,509 - models.inference.live_engine - INFO - ✓ Loaded austin model: 12 classifiers
2025-11-28 11:58:20,513 - models.training.ordinal_trainer - INFO - Loaded ordinal model from models/saved/denver/ordinal_catboost_optuna.pkl
2025-11-28 11:58:20,513 - models.inference.live_engine - INFO - ✓ Loaded denver model: 12 classifiers
2025-11-28 11:58:20,517 - models.training.ordinal_trainer - INFO - Loaded ordinal model from models/saved/los_angeles/ordinal_catboost_optuna.pkl
2025-11-28 11:58:20,517 - models.inference.live_engine - INFO - ✓ Loaded los_angeles model: 11 classifiers
2025-11-28 11:58:20,521 - models.training.ordinal_trainer - INFO - Loaded ordinal model from models/saved/miami/ordinal_catboost_optuna.pkl
2025-11-28 11:58:20,521 - models.inference.live_engine - INFO - ✓ Loaded miami model: 11 classifiers
2025-11-28 11:58:20,523 - models.training.ordinal_trainer - INFO - Loaded ordinal model from models/saved/philadelphia/ordinal_catboost_optuna.pkl
2025-11-28 11:58:20,524 - models.inference.live_engine - INFO - ✓ Loaded philadelphia model: 12 classifiers
2025-11-28 11:58:20,524 - models.inference.live_engine - INFO - Successfully loaded 6/6 city models
2025-11-28 11:58:20,524 - __main__ - INFO - Initialized LiveWebSocketTrader (dry_run=True, bet_size=$50.0, max_daily_loss=$500.0, cities=['chicago', 'austin', 'denver', 'los_angeles', 'miami', 'philadelphia'])
2025-11-28 11:58:20,546 - __main__ - INFO - Connecting to wss://api.elections.kalshi.com/trade-api/ws/v2...
2025-11-28 11:58:20,626 - __main__ - INFO - ✓ WebSocket connected
2025-11-28 11:58:20,626 - __main__ - INFO - ✓ Subscribed to orderbook_delta for 6 series
2025-11-28 12:01:11,406 - src.db.connection - INFO - Database engine created: localhost:5434/kalshi_weather
2025-11-28 12:01:11,406 - models.inference.live_engine - INFO - Loading ordinal models for all cities...
2025-11-28 12:01:11,409 - models.training.ordinal_trainer - INFO - Loaded ordinal model from models/saved/chicago/ordinal_catboost_optuna.pkl
2025-11-28 12:01:11,409 - models.inference.live_engine - INFO - ✓ Loaded chicago model: 12 classifiers
2025-11-28 12:01:11,413 - models.training.ordinal_trainer - INFO - Loaded ordinal model from models/saved/austin/ordinal_catboost_optuna.pkl
2025-11-28 12:01:11,413 - models.inference.live_engine - INFO - ✓ Loaded austin model: 12 classifiers
2025-11-28 12:01:11,417 - models.training.ordinal_trainer - INFO - Loaded ordinal model from models/saved/denver/ordinal_catboost_optuna.pkl
2025-11-28 12:01:11,417 - models.inference.live_engine - INFO - ✓ Loaded denver model: 12 classifiers
2025-11-28 12:01:11,421 - models.training.ordinal_trainer - INFO - Loaded ordinal model from models/saved/los_angeles/ordinal_catboost_optuna.pkl
2025-11-28 12:01:11,421 - models.inference.live_engine - INFO - ✓ Loaded los_angeles model: 11 classifiers
2025-11-28 12:01:11,425 - models.training.ordinal_trainer - INFO - Loaded ordinal model from models/saved/miami/ordinal_catboost_optuna.pkl
2025-11-28 12:01:11,425 - models.inference.live_engine - INFO - ✓ Loaded miami model: 11 classifiers
2025-11-28 12:01:11,428 - models.training.ordinal_trainer - INFO - Loaded ordinal model from models/saved/philadelphia/ordinal_catboost_optuna.pkl
2025-11-28 12:01:11,428 - models.inference.live_engine - INFO - ✓ Loaded philadelphia model: 12 classifiers
2025-11-28 12:01:11,428 - models.inference.live_engine - INFO - Successfully loaded 6/6 city models
2025-11-28 12:01:11,428 - __main__ - INFO - Initialized LiveWebSocketTrader (dry_run=True, bet_size=$50.0, max_daily_loss=$500.0, cities=['chicago'])
2025-11-28 12:01:11,452 - __main__ - INFO - Connecting to wss://api.elections.kalshi.com/trade-api/ws/v2...
2025-11-28 12:01:11,531 - __main__ - INFO - ✓ WebSocket connected
2025-11-28 12:01:11,531 - __main__ - INFO - ✓ Subscribed to orderbook_delta for 6 series
2025-11-28 12:01:40,739 - __main__ - INFO - Received signal 15, shutting down gracefully...
2025-11-28 12:01:55,802 - __main__ - WARNING - ================================================================================
2025-11-28 12:01:55,802 - __main__ - WARNING - LIVE TRADING MODE ENABLED - REAL ORDERS WILL BE PLACED
2025-11-28 12:01:55,802 - __main__ - WARNING - Bet size: $50.0/trade, Max daily loss: $500.0
2025-11-28 12:01:55,802 - __main__ - WARNING - ================================================================================
2025-11-28 12:02:29,783 - __main__ - INFO - Received signal 15, shutting down gracefully...
2025-11-28 12:02:31,809 - __main__ - WARNING - ================================================================================
2025-11-28 12:02:31,809 - __main__ - WARNING - LIVE TRADING MODE ENABLED - REAL ORDERS WILL BE PLACED
2025-11-28 12:02:31,809 - __main__ - WARNING - Bet size: $50.0/trade, Max daily loss: $500.0
2025-11-28 12:02:31,809 - __main__ - WARNING - ================================================================================
2025-11-28 12:02:31,809 - __main__ - WARNING - Skipping confirmation (--yes flag or non-interactive)
2025-11-28 12:02:31,815 - src.db.connection - INFO - Database engine created: localhost:5434/kalshi_weather
2025-11-28 12:02:31,815 - models.inference.live_engine - INFO - Loading ordinal models for all cities...
2025-11-28 12:02:31,815 - models.inference.live_engine - WARNING - Model not found for chicago at models/saved/chicago/ordinal_catboost_hourly_80trials.pkl
2025-11-28 12:02:31,815 - models.inference.live_engine - WARNING - Model not found for austin at models/saved/austin/ordinal_catboost_hourly_80trials.pkl
2025-11-28 12:02:31,815 - models.inference.live_engine - WARNING - Model not found for denver at models/saved/denver/ordinal_catboost_hourly_80trials.pkl
2025-11-28 12:02:31,815 - models.inference.live_engine - WARNING - Model not found for los_angeles at models/saved/los_angeles/ordinal_catboost_hourly_80trials.pkl
2025-11-28 12:02:31,815 - models.inference.live_engine - WARNING - Model not found for miami at models/saved/miami/ordinal_catboost_hourly_80trials.pkl
2025-11-28 12:02:31,815 - models.inference.live_engine - WARNING - Model not found for philadelphia at models/saved/philadelphia/ordinal_catboost_hourly_80trials.pkl
2025-11-28 12:03:39,311 - __main__ - WARNING - ================================================================================
2025-11-28 12:03:39,311 - __main__ - WARNING - LIVE TRADING MODE ENABLED - REAL ORDERS WILL BE PLACED
2025-11-28 12:03:39,311 - __main__ - WARNING - Bet size: $50.0/trade, Max daily loss: $500.0
2025-11-28 12:03:39,311 - __main__ - WARNING - ================================================================================
2025-11-28 12:03:39,311 - __main__ - WARNING - Skipping confirmation (--yes flag or non-interactive)
2025-11-28 12:03:39,317 - src.db.connection - INFO - Database engine created: localhost:5434/kalshi_weather
2025-11-28 12:03:39,317 - models.inference.live_engine - INFO - Loading ordinal models for all cities...
2025-11-28 12:03:39,320 - models.training.ordinal_trainer - INFO - Loaded ordinal model from models/saved/chicago/ordinal_catboost_optuna.pkl
2025-11-28 12:03:39,321 - models.inference.live_engine - INFO - ✓ Loaded chicago model: 12 classifiers
2025-11-28 12:03:39,325 - models.training.ordinal_trainer - INFO - Loaded ordinal model from models/saved/austin/ordinal_catboost_optuna.pkl
2025-11-28 12:03:39,325 - models.inference.live_engine - INFO - ✓ Loaded austin model: 12 classifiers
2025-11-28 12:03:39,328 - models.training.ordinal_trainer - INFO - Loaded ordinal model from models/saved/denver/ordinal_catboost_optuna.pkl
2025-11-28 12:03:39,328 - models.inference.live_engine - INFO - ✓ Loaded denver model: 12 classifiers
2025-11-28 12:03:39,331 - models.training.ordinal_trainer - INFO - Loaded ordinal model from models/saved/los_angeles/ordinal_catboost_optuna.pkl
2025-11-28 12:03:39,331 - models.inference.live_engine - INFO - ✓ Loaded los_angeles model: 11 classifiers
2025-11-28 12:03:39,336 - models.training.ordinal_trainer - INFO - Loaded ordinal model from models/saved/miami/ordinal_catboost_optuna.pkl
2025-11-28 12:03:39,336 - models.inference.live_engine - INFO - ✓ Loaded miami model: 11 classifiers
2025-11-28 12:03:39,338 - models.training.ordinal_trainer - INFO - Loaded ordinal model from models/saved/philadelphia/ordinal_catboost_optuna.pkl
2025-11-28 12:03:39,338 - models.inference.live_engine - INFO - ✓ Loaded philadelphia model: 12 classifiers
2025-11-28 12:03:39,338 - models.inference.live_engine - INFO - Successfully loaded 6/6 city models
2025-11-28 12:03:39,338 - src.utils.rate_limiter - INFO - Kalshi rate limiter: 28.0 req/sec (1 of 1 workers, min=5.0, burst=5)
2025-11-28 12:03:39,360 - src.kalshi.client - INFO - Kalshi client initialized: https://api.elections.kalshi.com/trade-api/v2 (rate: 28.0 req/sec)
2025-11-28 12:03:39,360 - __main__ - INFO - Initialized LiveWebSocketTrader (dry_run=False, bet_size=$50.0, max_daily_loss=$500.0, cities=['chicago', 'austin', 'denver', 'los_angeles', 'miami', 'philadelphia'])
2025-11-28 12:03:39,382 - __main__ - INFO - Connecting to wss://api.elections.kalshi.com/trade-api/ws/v2...
2025-11-28 12:03:39,446 - __main__ - INFO - ✓ WebSocket connected
2025-11-28 12:03:39,447 - __main__ - INFO - ✓ Subscribed to orderbook_delta for 6 series
2025-11-28 12:04:38,696 - __main__ - INFO - Received signal 15, shutting down gracefully...
2025-11-28 12:10:28,066 - __main__ - WARNING - ================================================================================
2025-11-28 12:10:28,066 - __main__ - WARNING - LIVE TRADING MODE ENABLED - REAL ORDERS WILL BE PLACED
2025-11-28 12:10:28,066 - __main__ - WARNING - Bet size: $50.0/trade, Max daily loss: $500.0
2025-11-28 12:10:28,066 - __main__ - WARNING - ================================================================================
2025-11-28 12:10:28,066 - __main__ - WARNING - Skipping confirmation (--yes flag or non-interactive)
2025-11-28 12:10:28,073 - src.db.connection - INFO - Database engine created: localhost:5434/kalshi_weather
2025-11-28 12:10:28,073 - models.inference.live_engine - INFO - Loading ordinal models for all cities...
2025-11-28 12:10:28,076 - models.training.ordinal_trainer - INFO - Loaded ordinal model from models/saved/chicago/ordinal_catboost_optuna.pkl
2025-11-28 12:10:28,076 - models.inference.live_engine - INFO - ✓ Loaded chicago model: 12 classifiers
2025-11-28 12:10:28,080 - models.training.ordinal_trainer - INFO - Loaded ordinal model from models/saved/austin/ordinal_catboost_optuna.pkl
2025-11-28 12:10:28,080 - models.inference.live_engine - INFO - ✓ Loaded austin model: 12 classifiers
2025-11-28 12:10:28,084 - models.training.ordinal_trainer - INFO - Loaded ordinal model from models/saved/denver/ordinal_catboost_optuna.pkl
2025-11-28 12:10:28,084 - models.inference.live_engine - INFO - ✓ Loaded denver model: 12 classifiers
2025-11-28 12:10:28,087 - models.training.ordinal_trainer - INFO - Loaded ordinal model from models/saved/los_angeles/ordinal_catboost_optuna.pkl
2025-11-28 12:10:28,087 - models.inference.live_engine - INFO - ✓ Loaded los_angeles model: 11 classifiers
2025-11-28 12:10:28,091 - models.training.ordinal_trainer - INFO - Loaded ordinal model from models/saved/miami/ordinal_catboost_optuna.pkl
2025-11-28 12:10:28,091 - models.inference.live_engine - INFO - ✓ Loaded miami model: 11 classifiers
2025-11-28 12:10:28,094 - models.training.ordinal_trainer - INFO - Loaded ordinal model from models/saved/philadelphia/ordinal_catboost_optuna.pkl
2025-11-28 12:10:28,094 - models.inference.live_engine - INFO - ✓ Loaded philadelphia model: 12 classifiers
2025-11-28 12:10:28,094 - models.inference.live_engine - INFO - Successfully loaded 6/6 city models
2025-11-28 12:10:28,094 - src.utils.rate_limiter - INFO - Kalshi rate limiter: 28.0 req/sec (1 of 1 workers, min=5.0, burst=5)
2025-11-28 12:10:28,116 - src.kalshi.client - INFO - Kalshi client initialized: https://api.elections.kalshi.com/trade-api/v2 (rate: 28.0 req/sec)
2025-11-28 12:10:28,116 - __main__ - INFO - Initialized LiveWebSocketTrader (dry_run=False, bet_size=$50.0, max_daily_loss=$500.0, cities=['chicago', 'austin', 'denver', 'los_angeles', 'miami', 'philadelphia'])
2025-11-28 12:10:28,139 - __main__ - INFO - Connecting to wss://api.elections.kalshi.com/trade-api/ws/v2...
2025-11-28 12:10:28,213 - __main__ - INFO - ✓ WebSocket connected
2025-11-28 12:10:28,213 - __main__ - INFO - ✓ Subscribed to orderbook_delta for 6 series
2025-11-28 12:10:39,299 - __main__ - WARNING - ================================================================================
2025-11-28 12:10:39,299 - __main__ - WARNING - LIVE TRADING MODE ENABLED - REAL ORDERS WILL BE PLACED
2025-11-28 12:10:39,299 - __main__ - WARNING - Bet size: $50.0/trade, Max daily loss: $500.0
2025-11-28 12:10:39,299 - __main__ - WARNING - ================================================================================
2025-11-28 12:10:39,299 - __main__ - WARNING - Skipping confirmation (--yes flag or non-interactive)
2025-11-28 12:10:39,308 - src.db.connection - INFO - Database engine created: localhost:5434/kalshi_weather
2025-11-28 12:10:39,308 - models.inference.live_engine - INFO - Loading ordinal models for all cities...
2025-11-28 12:10:39,313 - models.training.ordinal_trainer - INFO - Loaded ordinal model from models/saved/chicago/ordinal_catboost_optuna.pkl
2025-11-28 12:10:39,313 - models.inference.live_engine - INFO - ✓ Loaded chicago model: 12 classifiers
2025-11-28 12:10:39,319 - models.training.ordinal_trainer - INFO - Loaded ordinal model from models/saved/austin/ordinal_catboost_optuna.pkl
2025-11-28 12:10:39,319 - models.inference.live_engine - INFO - ✓ Loaded austin model: 12 classifiers
2025-11-28 12:10:39,324 - models.training.ordinal_trainer - INFO - Loaded ordinal model from models/saved/denver/ordinal_catboost_optuna.pkl
2025-11-28 12:10:39,324 - models.inference.live_engine - INFO - ✓ Loaded denver model: 12 classifiers
2025-11-28 12:10:39,329 - models.training.ordinal_trainer - INFO - Loaded ordinal model from models/saved/los_angeles/ordinal_catboost_optuna.pkl
2025-11-28 12:10:39,329 - models.inference.live_engine - INFO - ✓ Loaded los_angeles model: 11 classifiers
2025-11-28 12:10:39,335 - models.training.ordinal_trainer - INFO - Loaded ordinal model from models/saved/miami/ordinal_catboost_optuna.pkl
2025-11-28 12:10:39,335 - models.inference.live_engine - INFO - ✓ Loaded miami model: 11 classifiers
2025-11-28 12:10:39,339 - models.training.ordinal_trainer - INFO - Loaded ordinal model from models/saved/philadelphia/ordinal_catboost_optuna.pkl
2025-11-28 12:10:39,339 - models.inference.live_engine - INFO - ✓ Loaded philadelphia model: 12 classifiers
2025-11-28 12:10:39,340 - models.inference.live_engine - INFO - Successfully loaded 6/6 city models
2025-11-28 12:10:39,340 - src.utils.rate_limiter - INFO - Kalshi rate limiter: 28.0 req/sec (1 of 1 workers, min=5.0, burst=5)
2025-11-28 12:10:39,368 - src.kalshi.client - INFO - Kalshi client initialized: https://api.elections.kalshi.com/trade-api/v2 (rate: 28.0 req/sec)
2025-11-28 12:10:39,368 - __main__ - INFO - Initialized LiveWebSocketTrader (dry_run=False, bet_size=$50.0, max_daily_loss=$500.0, cities=['chicago', 'austin', 'denver', 'los_angeles', 'miami', 'philadelphia'])
2025-11-28 12:10:39,398 - __main__ - INFO - Connecting to wss://api.elections.kalshi.com/trade-api/ws/v2...
2025-11-28 12:10:39,476 - __main__ - INFO - ✓ WebSocket connected
2025-11-28 12:10:39,476 - __main__ - INFO - ✓ Subscribed to orderbook_delta for 6 series
2025-11-28 12:20:16,358 - __main__ - WARNING - ================================================================================
2025-11-28 12:20:16,358 - __main__ - WARNING - LIVE TRADING MODE ENABLED - REAL ORDERS WILL BE PLACED
2025-11-28 12:20:16,358 - __main__ - WARNING - Bet size: $50.0/trade, Max daily loss: $500.0
2025-11-28 12:20:16,358 - __main__ - WARNING - ================================================================================
2025-11-28 12:20:16,358 - __main__ - WARNING - Skipping confirmation (--yes flag or non-interactive)
2025-11-28 12:20:16,364 - src.db.connection - INFO - Database engine created: localhost:5434/kalshi_weather
2025-11-28 12:20:16,364 - models.inference.live_engine - INFO - Loading ordinal models for all cities...
2025-11-28 12:20:16,368 - models.training.ordinal_trainer - INFO - Loaded ordinal model from models/saved/chicago/ordinal_catboost_optuna.pkl
2025-11-28 12:20:16,368 - models.inference.live_engine - INFO - ✓ Loaded chicago model: 12 classifiers
2025-11-28 12:20:16,373 - models.training.ordinal_trainer - INFO - Loaded ordinal model from models/saved/austin/ordinal_catboost_optuna.pkl
2025-11-28 12:20:16,373 - models.inference.live_engine - INFO - ✓ Loaded austin model: 12 classifiers
2025-11-28 12:20:16,378 - models.training.ordinal_trainer - INFO - Loaded ordinal model from models/saved/denver/ordinal_catboost_optuna.pkl
2025-11-28 12:20:16,378 - models.inference.live_engine - INFO - ✓ Loaded denver model: 12 classifiers
2025-11-28 12:20:16,382 - models.training.ordinal_trainer - INFO - Loaded ordinal model from models/saved/los_angeles/ordinal_catboost_optuna.pkl
2025-11-28 12:20:16,382 - models.inference.live_engine - INFO - ✓ Loaded los_angeles model: 11 classifiers
2025-11-28 12:20:16,386 - models.training.ordinal_trainer - INFO - Loaded ordinal model from models/saved/miami/ordinal_catboost_optuna.pkl
2025-11-28 12:20:16,386 - models.inference.live_engine - INFO - ✓ Loaded miami model: 11 classifiers
2025-11-28 12:20:16,389 - models.training.ordinal_trainer - INFO - Loaded ordinal model from models/saved/philadelphia/ordinal_catboost_optuna.pkl
2025-11-28 12:20:16,389 - models.inference.live_engine - INFO - ✓ Loaded philadelphia model: 12 classifiers
2025-11-28 12:20:16,389 - models.inference.live_engine - INFO - Successfully loaded 6/6 city models
2025-11-28 12:20:16,389 - src.utils.rate_limiter - INFO - Kalshi rate limiter: 28.0 req/sec (1 of 1 workers, min=5.0, burst=5)
2025-11-28 12:20:16,411 - src.kalshi.client - INFO - Kalshi client initialized: https://api.elections.kalshi.com/trade-api/v2 (rate: 28.0 req/sec)
2025-11-28 12:20:16,411 - __main__ - INFO - Initialized LiveWebSocketTrader (dry_run=False, bet_size=$50.0, max_daily_loss=$500.0, cities=['chicago', 'austin', 'denver', 'los_angeles', 'miami', 'philadelphia'])
2025-11-28 12:20:16,433 - __main__ - INFO - Connecting to wss://api.elections.kalshi.com/trade-api/ws/v2...
2025-11-28 12:20:16,503 - __main__ - INFO - ✓ WebSocket connected
2025-11-28 12:20:16,503 - __main__ - INFO - ✓ Subscribed to orderbook_delta for 6 series
2025-11-28 12:22:04,797 - __main__ - WARNING - ================================================================================
2025-11-28 12:22:04,797 - __main__ - WARNING - LIVE TRADING MODE ENABLED - REAL ORDERS WILL BE PLACED
2025-11-28 12:22:04,797 - __main__ - WARNING - Bet size: $50.0/trade, Max daily loss: $500.0
2025-11-28 12:22:04,797 - __main__ - WARNING - ================================================================================
2025-11-28 12:22:04,797 - __main__ - WARNING - Skipping confirmation (--yes flag or non-interactive)
2025-11-28 12:22:04,804 - src.db.connection - INFO - Database engine created: localhost:5434/kalshi_weather
2025-11-28 12:22:04,804 - models.inference.live_engine - INFO - Loading ordinal models for all cities...
2025-11-28 12:22:04,807 - models.training.ordinal_trainer - INFO - Loaded ordinal model from models/saved/chicago/ordinal_catboost_optuna.pkl
2025-11-28 12:22:04,807 - models.inference.live_engine - INFO - ✓ Loaded chicago model: 12 classifiers
2025-11-28 12:22:04,811 - models.training.ordinal_trainer - INFO - Loaded ordinal model from models/saved/austin/ordinal_catboost_optuna.pkl
2025-11-28 12:22:04,811 - models.inference.live_engine - INFO - ✓ Loaded austin model: 12 classifiers
2025-11-28 12:22:04,815 - models.training.ordinal_trainer - INFO - Loaded ordinal model from models/saved/denver/ordinal_catboost_optuna.pkl
2025-11-28 12:22:04,815 - models.inference.live_engine - INFO - ✓ Loaded denver model: 12 classifiers
2025-11-28 12:22:04,819 - models.training.ordinal_trainer - INFO - Loaded ordinal model from models/saved/los_angeles/ordinal_catboost_optuna.pkl
2025-11-28 12:22:04,819 - models.inference.live_engine - INFO - ✓ Loaded los_angeles model: 11 classifiers
2025-11-28 12:22:04,823 - models.training.ordinal_trainer - INFO - Loaded ordinal model from models/saved/miami/ordinal_catboost_optuna.pkl
2025-11-28 12:22:04,823 - models.inference.live_engine - INFO - ✓ Loaded miami model: 11 classifiers
2025-11-28 12:22:04,825 - models.training.ordinal_trainer - INFO - Loaded ordinal model from models/saved/philadelphia/ordinal_catboost_optuna.pkl
2025-11-28 12:22:04,825 - models.inference.live_engine - INFO - ✓ Loaded philadelphia model: 12 classifiers
2025-11-28 12:22:04,826 - models.inference.live_engine - INFO - Successfully loaded 6/6 city models
2025-11-28 12:22:04,826 - src.utils.rate_limiter - INFO - Kalshi rate limiter: 28.0 req/sec (1 of 1 workers, min=5.0, burst=5)
2025-11-28 12:22:04,848 - src.kalshi.client - INFO - Kalshi client initialized: https://api.elections.kalshi.com/trade-api/v2 (rate: 28.0 req/sec)
2025-11-28 12:22:04,848 - __main__ - INFO - Initialized LiveWebSocketTrader (dry_run=False, bet_size=$50.0, max_daily_loss=$500.0, cities=['chicago', 'austin', 'denver', 'los_angeles', 'miami', 'philadelphia'])
2025-11-28 12:22:04,869 - __main__ - INFO - Connecting to wss://api.elections.kalshi.com/trade-api/ws/v2...
2025-11-28 12:22:04,937 - __main__ - INFO - ✓ WebSocket connected
2025-11-28 12:22:04,937 - __main__ - INFO - ✓ Subscribed to ticker channel for 6 series
2025-11-28 12:22:14,800 - __main__ - WARNING - ================================================================================
2025-11-28 12:22:14,800 - __main__ - WARNING - LIVE TRADING MODE ENABLED - REAL ORDERS WILL BE PLACED
2025-11-28 12:22:14,800 - __main__ - WARNING - Bet size: $50.0/trade, Max daily loss: $500.0
2025-11-28 12:22:14,800 - __main__ - WARNING - ================================================================================
2025-11-28 12:22:14,800 - __main__ - WARNING - Skipping confirmation (--yes flag or non-interactive)
2025-11-28 12:22:14,807 - src.db.connection - INFO - Database engine created: localhost:5434/kalshi_weather
2025-11-28 12:22:14,807 - models.inference.live_engine - INFO - Loading ordinal models for all cities...
2025-11-28 12:22:14,810 - models.training.ordinal_trainer - INFO - Loaded ordinal model from models/saved/chicago/ordinal_catboost_optuna.pkl
2025-11-28 12:22:14,810 - models.inference.live_engine - INFO - ✓ Loaded chicago model: 12 classifiers
2025-11-28 12:22:14,814 - models.training.ordinal_trainer - INFO - Loaded ordinal model from models/saved/austin/ordinal_catboost_optuna.pkl
2025-11-28 12:22:14,814 - models.inference.live_engine - INFO - ✓ Loaded austin model: 12 classifiers
2025-11-28 12:22:14,818 - models.training.ordinal_trainer - INFO - Loaded ordinal model from models/saved/denver/ordinal_catboost_optuna.pkl
2025-11-28 12:22:14,818 - models.inference.live_engine - INFO - ✓ Loaded denver model: 12 classifiers
2025-11-28 12:22:14,821 - models.training.ordinal_trainer - INFO - Loaded ordinal model from models/saved/los_angeles/ordinal_catboost_optuna.pkl
2025-11-28 12:22:14,821 - models.inference.live_engine - INFO - ✓ Loaded los_angeles model: 11 classifiers
2025-11-28 12:22:14,825 - models.training.ordinal_trainer - INFO - Loaded ordinal model from models/saved/miami/ordinal_catboost_optuna.pkl
2025-11-28 12:22:14,825 - models.inference.live_engine - INFO - ✓ Loaded miami model: 11 classifiers
2025-11-28 12:22:14,828 - models.training.ordinal_trainer - INFO - Loaded ordinal model from models/saved/philadelphia/ordinal_catboost_optuna.pkl
2025-11-28 12:22:14,828 - models.inference.live_engine - INFO - ✓ Loaded philadelphia model: 12 classifiers
2025-11-28 12:22:14,828 - models.inference.live_engine - INFO - Successfully loaded 6/6 city models
2025-11-28 12:22:14,828 - src.utils.rate_limiter - INFO - Kalshi rate limiter: 28.0 req/sec (1 of 1 workers, min=5.0, burst=5)
2025-11-28 12:22:14,850 - src.kalshi.client - INFO - Kalshi client initialized: https://api.elections.kalshi.com/trade-api/v2 (rate: 28.0 req/sec)
2025-11-28 12:22:14,850 - __main__ - INFO - Initialized LiveWebSocketTrader (dry_run=False, bet_size=$50.0, max_daily_loss=$500.0, cities=['chicago', 'austin', 'denver', 'los_angeles', 'miami', 'philadelphia'])
2025-11-28 12:22:14,872 - __main__ - INFO - Connecting to wss://api.elections.kalshi.com/trade-api/ws/v2...
2025-11-28 12:22:14,946 - __main__ - INFO - ✓ WebSocket connected
2025-11-28 12:22:14,946 - __main__ - INFO - ✓ Subscribed to ticker channel for 6 series
2025-11-28 12:47:53,354 - __main__ - WARNING - ================================================================================
2025-11-28 12:47:53,354 - __main__ - WARNING - LIVE TRADING MODE ENABLED - REAL ORDERS WILL BE PLACED
2025-11-28 12:47:53,354 - __main__ - WARNING - Bet size: $50.0/trade, Max daily loss: $500.0
2025-11-28 12:47:53,354 - __main__ - WARNING - ================================================================================
2025-11-28 12:47:53,354 - __main__ - WARNING - Skipping confirmation (--yes flag or non-interactive)
2025-11-28 12:47:53,361 - src.db.connection - INFO - Database engine created: localhost:5434/kalshi_weather
2025-11-28 12:47:53,361 - models.inference.live_engine - INFO - Loading ordinal models (variant=tod_v1) for all cities...
2025-11-28 12:47:53,365 - models.training.ordinal_trainer - INFO - Loaded ordinal model from models/saved/chicago_tod_v1/ordinal_catboost_tod_v1.pkl
2025-11-28 12:47:53,365 - models.inference.live_engine - INFO - ✓ Loaded chicago model: 12 classifiers
2025-11-28 12:47:53,373 - models.training.ordinal_trainer - INFO - Loaded ordinal model from models/saved/austin_tod_v1/ordinal_catboost_tod_v1.pkl
2025-11-28 12:47:53,373 - models.inference.live_engine - INFO - ✓ Loaded austin model: 12 classifiers
2025-11-28 12:47:53,376 - models.training.ordinal_trainer - INFO - Loaded ordinal model from models/saved/denver_tod_v1/ordinal_catboost_tod_v1.pkl
2025-11-28 12:47:53,376 - models.inference.live_engine - INFO - ✓ Loaded denver model: 12 classifiers
2025-11-28 12:47:53,380 - models.training.ordinal_trainer - INFO - Loaded ordinal model from models/saved/los_angeles_tod_v1/ordinal_catboost_tod_v1.pkl
2025-11-28 12:47:53,380 - models.inference.live_engine - INFO - ✓ Loaded los_angeles model: 11 classifiers
2025-11-28 12:47:53,383 - models.training.ordinal_trainer - INFO - Loaded ordinal model from models/saved/miami_tod_v1/ordinal_catboost_tod_v1.pkl
2025-11-28 12:47:53,383 - models.inference.live_engine - INFO - ✓ Loaded miami model: 11 classifiers
2025-11-28 12:47:53,389 - models.training.ordinal_trainer - INFO - Loaded ordinal model from models/saved/philadelphia_tod_v1/ordinal_catboost_tod_v1.pkl
2025-11-28 12:47:53,389 - models.inference.live_engine - INFO - ✓ Loaded philadelphia model: 12 classifiers
2025-11-28 12:47:53,389 - models.inference.live_engine - INFO - Successfully loaded 6/6 city models
2025-11-28 12:47:53,389 - src.utils.rate_limiter - INFO - Kalshi rate limiter: 28.0 req/sec (1 of 1 workers, min=5.0, burst=5)
2025-11-28 12:47:53,411 - src.kalshi.client - INFO - Kalshi client initialized: https://api.elections.kalshi.com/trade-api/v2 (rate: 28.0 req/sec)
2025-11-28 12:47:53,411 - __main__ - INFO - Initialized LiveWebSocketTrader (dry_run=False, bet_size=$50.0, max_daily_loss=$500.0, cities=['chicago', 'austin', 'denver', 'los_angeles', 'miami', 'philadelphia'])
2025-11-28 12:47:53,432 - __main__ - INFO - Connecting to wss://api.elections.kalshi.com/trade-api/ws/v2...
2025-11-28 12:47:53,497 - __main__ - INFO - ✓ WebSocket connected
2025-11-28 12:47:53,498 - __main__ - INFO - ✓ Subscribed to ticker channel for 6 series
2025-11-29 14:55:18,791 - __main__ - WARNING - WebSocket closed: no close frame received or sent, reconnecting in 1s...
2025-11-29 14:55:19,815 - __main__ - INFO - Connecting to wss://api.elections.kalshi.com/trade-api/ws/v2...
2025-11-29 14:55:19,880 - __main__ - INFO - ✓ WebSocket connected
2025-11-29 14:55:19,881 - __main__ - INFO - ✓ Subscribed to ticker channel for 6 series
2025-11-30 00:10:25,349 - __main__ - WARNING - WebSocket closed: no close frame received or sent, reconnecting in 2s...
2025-11-30 00:10:27,371 - __main__ - INFO - Connecting to wss://api.elections.kalshi.com/trade-api/ws/v2...
2025-11-30 00:10:27,437 - __main__ - INFO - ✓ WebSocket connected
2025-11-30 00:10:27,438 - __main__ - INFO - ✓ Subscribed to ticker channel for 6 series
